{"numFailedTestSuites":0,"numFailedTests":0,"numPassedTestSuites":5,"numPassedTests":5,"numPendingTestSuites":0,"numPendingTests":0,"numRuntimeErrorTestSuites":0,"numTotalTestSuites":5,"numTotalTests":5,"snapshot":{"added":0,"didUpdate":false,"failure":false,"filesAdded":0,"filesRemoved":0,"filesUnmatched":0,"filesUpdated":0,"matched":0,"total":0,"unchecked":0,"uncheckedKeys":[],"unmatched":0,"updated":0},"startTime":1516454623427,"success":true,"testResults":[{"assertionResults":[{"ancestorTitles":[],"failureMessages":[],"fullName":"renders without crashing","location":null,"status":"passed","title":"renders without crashing"}],"endTime":1516454624743,"message":"","name":"/Users/bradlemley/prj/cra-monorepo-examples/apps/cra-app1/src/App.test.js","startTime":1516454624431,"status":"passed","summary":""},{"assertionResults":[{"ancestorTitles":[],"failureMessages":[],"fullName":"renders Comp2 without crashing","location":null,"status":"passed","title":"renders Comp2 without crashing"}],"endTime":1516454624854,"message":"","name":"/Users/bradlemley/prj/cra-monorepo-examples/cra-comps/comp2/index.test.js","startTime":1516454624760,"status":"passed","summary":""},{"assertionResults":[{"ancestorTitles":[],"failureMessages":[],"fullName":"renders without crashing","location":null,"status":"passed","title":"renders without crashing"}],"endTime":1516454624935,"message":"","name":"/Users/bradlemley/prj/cra-monorepo-examples/apps/cra-app3/src/App.test.js","startTime":1516454624865,"status":"passed","summary":""},{"assertionResults":[{"ancestorTitles":[],"failureMessages":[],"fullName":"Adds 1 + 1","location":null,"status":"passed","title":"Adds 1 + 1"}],"endTime":1516454624995,"message":"","name":"/Users/bradlemley/prj/cra-monorepo-examples/cra-comps/comp1/comp1.test.js","startTime":1516454624947,"status":"passed","summary":""},{"assertionResults":[{"ancestorTitles":[],"failureMessages":[],"fullName":"renders without crashing","location":null,"status":"passed","title":"renders without crashing"}],"endTime":1516454625068,"message":"","name":"/Users/bradlemley/prj/cra-monorepo-examples/apps/cra-app2/src/App.test.js","startTime":1516454625002,"status":"passed","summary":""}],"wasInterrupted":false}